<?xml version="1.0" encoding="UTF-8"?>
<testng-results ignored="0" total="7" passed="7" failed="0" skipped="0">
  <reporter-output>
  </reporter-output>
  <suite started-at="2026-06-26T17:02:04 IST" name="Suite" finished-at="2026-06-26T17:05:01 IST" duration-ms="177537">
    <groups>
    </groups>
    <test started-at="2026-06-26T17:02:04 IST" name="Test" finished-at="2026-06-26T17:05:01 IST" duration-ms="177537">
      <class name="crm.contact.ContactTest">
        <test-method is-config="true" signature="setUp()[pri:0, instance:crm.contact.ContactTest@1a677343]" started-at="2026-06-26T17:02:57 IST" name="setUp" finished-at="2026-06-26T17:02:58 IST" duration-ms="1276" status="PASS">
          <reporter-output>
          </reporter-output>
        </test-method> <!-- setUp -->
        <test-method is-config="true" signature="login()[pri:0, instance:crm.contact.ContactTest@1a677343]" started-at="2026-06-26T17:02:58 IST" name="login" finished-at="2026-06-26T17:02:59 IST" duration-ms="1641" status="PASS">
          <reporter-output>
          </reporter-output>
        </test-method> <!-- login -->
        <test-method signature="createContactTest()[pri:0, instance:crm.contact.ContactTest@1a677343]" started-at="2026-06-26T17:02:59 IST" name="createContactTest" finished-at="2026-06-26T17:03:19 IST" duration-ms="19383" status="PASS">
          <reporter-output>
          </reporter-output>
        </test-method> <!-- createContactTest -->
        <test-method is-config="true" signature="logout()[pri:0, instance:crm.contact.ContactTest@1a677343]" started-at="2026-06-26T17:03:19 IST" name="logout" finished-at="2026-06-26T17:03:21 IST" duration-ms="2275" status="PASS">
          <reporter-output>
          </reporter-output>
        </test-method> <!-- logout -->
        <test-method is-config="true" signature="tearDown()[pri:0, instance:crm.contact.ContactTest@1a677343]" started-at="2026-06-26T17:03:21 IST" name="tearDown" finished-at="2026-06-26T17:03:22 IST" duration-ms="596" status="PASS">
          <reporter-output>
          </reporter-output>
        </test-method> <!-- tearDown -->
      </class> <!-- crm.contact.ContactTest -->
      <class name="crm.org.CreateOrganizationTest">
        <test-method is-config="true" signature="setUp()[pri:0, instance:crm.org.CreateOrganizationTest@6ed3ccb2]" started-at="2026-06-26T17:02:28 IST" name="setUp" finished-at="2026-06-26T17:02:29 IST" duration-ms="1259" status="PASS">
          <reporter-output>
          </reporter-output>
        </test-method> <!-- setUp -->
        <test-method is-config="true" signature="login()[pri:0, instance:crm.org.CreateOrganizationTest@6ed3ccb2]" started-at="2026-06-26T17:02:29 IST" name="login" finished-at="2026-06-26T17:02:31 IST" duration-ms="1943" status="PASS">
          <reporter-output>
          </reporter-output>
        </test-method> <!-- login -->
        <test-method signature="createOrganizationTest()[pri:0, instance:crm.org.CreateOrganizationTest@6ed3ccb2]" started-at="2026-06-26T17:02:31 IST" name="createOrganizationTest" finished-at="2026-06-26T17:02:51 IST" duration-ms="20762" status="PASS">
          <reporter-output>
          </reporter-output>
        </test-method> <!-- createOrganizationTest -->
        <test-method is-config="true" signature="logout()[pri:0, instance:crm.org.CreateOrganizationTest@6ed3ccb2]" started-at="2026-06-26T17:02:51 IST" name="logout" finished-at="2026-06-26T17:02:56 IST" duration-ms="4610" status="PASS">
          <reporter-output>
          </reporter-output>
        </test-method> <!-- logout -->
        <test-method is-config="true" signature="tearDown()[pri:0, instance:crm.org.CreateOrganizationTest@6ed3ccb2]" started-at="2026-06-26T17:02:56 IST" name="tearDown" finished-at="2026-06-26T17:02:57 IST" duration-ms="421" status="PASS">
          <reporter-output>
          </reporter-output>
        </test-method> <!-- tearDown -->
      </class> <!-- crm.org.CreateOrganizationTest -->
      <class name="crm.documents.UploadDocumentTest">
        <test-method is-config="true" signature="setUp()[pri:0, instance:crm.documents.UploadDocumentTest@198b6731]" started-at="2026-06-26T17:04:39 IST" name="setUp" finished-at="2026-06-26T17:04:40 IST" duration-ms="1210" status="PASS">
          <reporter-output>
          </reporter-output>
        </test-method> <!-- setUp -->
        <test-method is-config="true" signature="login()[pri:0, instance:crm.documents.UploadDocumentTest@198b6731]" started-at="2026-06-26T17:04:40 IST" name="login" finished-at="2026-06-26T17:04:42 IST" duration-ms="1479" status="PASS">
          <reporter-output>
          </reporter-output>
        </test-method> <!-- login -->
        <test-method signature="uploadDocumentTest()[pri:0, instance:crm.documents.UploadDocumentTest@198b6731]" started-at="2026-06-26T17:04:42 IST" name="uploadDocumentTest" finished-at="2026-06-26T17:04:59 IST" duration-ms="17087" status="PASS">
          <reporter-output>
          </reporter-output>
        </test-method> <!-- uploadDocumentTest -->
        <test-method is-config="true" signature="logout()[pri:0, instance:crm.documents.UploadDocumentTest@198b6731]" started-at="2026-06-26T17:04:59 IST" name="logout" finished-at="2026-06-26T17:05:01 IST" duration-ms="2437" status="PASS">
          <reporter-output>
          </reporter-output>
        </test-method> <!-- logout -->
        <test-method is-config="true" signature="tearDown()[pri:0, instance:crm.documents.UploadDocumentTest@198b6731]" started-at="2026-06-26T17:05:01 IST" name="tearDown" finished-at="2026-06-26T17:05:01 IST" duration-ms="388" status="PASS">
          <reporter-output>
          </reporter-output>
        </test-method> <!-- tearDown -->
      </class> <!-- crm.documents.UploadDocumentTest -->
      <class name="crm.login.LoginTest">
        <test-method is-config="true" signature="setUp()[pri:0, instance:crm.login.LoginTest@3cd3e762]" started-at="2026-06-26T17:02:04 IST" name="setUp" finished-at="2026-06-26T17:02:07 IST" duration-ms="2529" status="PASS">
          <reporter-output>
          </reporter-output>
        </test-method> <!-- setUp -->
        <test-method is-config="true" signature="login()[pri:0, instance:crm.login.LoginTest@3cd3e762]" started-at="2026-06-26T17:02:07 IST" name="login" finished-at="2026-06-26T17:02:12 IST" duration-ms="5327" status="PASS">
          <reporter-output>
          </reporter-output>
        </test-method> <!-- login -->
        <test-method signature="loginTest()[pri:0, instance:crm.login.LoginTest@3cd3e762]" started-at="2026-06-26T17:02:12 IST" name="loginTest" finished-at="2026-06-26T17:02:12 IST" duration-ms="237" status="PASS">
          <reporter-output>
          </reporter-output>
        </test-method> <!-- loginTest -->
        <test-method is-config="true" signature="logout()[pri:0, instance:crm.login.LoginTest@3cd3e762]" started-at="2026-06-26T17:02:12 IST" name="logout" finished-at="2026-06-26T17:02:27 IST" duration-ms="15335" status="FAIL">
          <exception class="org.openqa.selenium.NoSuchElementException">
            <message>
              <![CDATA[no such element: Unable to locate element: {"method":"link text","selector":"Sign Out"}
  (Session info: chrome=149.0.7827.156)
For documentation on this error, please visit: https://www.selenium.dev/documentation/webdriver/troubleshooting/errors#nosuchelementexception
Build info: version: '4.43.0', revision: 'dd0f534'
System info: os.name: 'Windows 11', os.arch: 'amd64', os.version: '10.0', java.version: '21.0.10'
Driver info: org.openqa.selenium.chrome.ChromeDriver
Command: [7985404a1f0b054a713ee06be39577b6, findElement {value=Sign Out, using=link text}]
Capabilities {acceptInsecureCerts: false, browserName: chrome, browserVersion: 149.0.7827.156, chrome: {chromedriverVersion: 149.0.7827.155 (07b52360cc1..., userDataDir: C:\Users\chaur\AppData\Loca...}, fedcm:accounts: true, goog:chromeOptions: {debuggerAddress: localhost:63176}, goog:processID: 32600, networkConnectionEnabled: false, pageLoadStrategy: normal, platformName: windows, proxy: Proxy(), se:cdp: ws://localhost:63176/devtoo..., se:cdpVersion: 149.0.7827.156, setWindowRect: true, strictFileInteractability: false, timeouts: {implicit: 0, pageLoad: 300000, script: 30000}, unhandledPromptBehavior: dismiss and notify, webauthn:extension:credBlob: true, webauthn:extension:largeBlob: true, webauthn:extension:minPinLength: true, webauthn:extension:prf: true, webauthn:virtualAuthenticators: true}
Session ID: 7985404a1f0b054a713ee06be39577b6]]>
            </message>
            <full-stacktrace>
              <![CDATA[org.openqa.selenium.NoSuchElementException: no such element: Unable to locate element: {"method":"link text","selector":"Sign Out"}
  (Session info: chrome=149.0.7827.156)
For documentation on this error, please visit: https://www.selenium.dev/documentation/webdriver/troubleshooting/errors#nosuchelementexception
Build info: version: '4.43.0', revision: 'dd0f534'
System info: os.name: 'Windows 11', os.arch: 'amd64', os.version: '10.0', java.version: '21.0.10'
Driver info: org.openqa.selenium.chrome.ChromeDriver
Command: [7985404a1f0b054a713ee06be39577b6, findElement {value=Sign Out, using=link text}]
Capabilities {acceptInsecureCerts: false, browserName: chrome, browserVersion: 149.0.7827.156, chrome: {chromedriverVersion: 149.0.7827.155 (07b52360cc1..., userDataDir: C:\Users\chaur\AppData\Loca...}, fedcm:accounts: true, goog:chromeOptions: {debuggerAddress: localhost:63176}, goog:processID: 32600, networkConnectionEnabled: false, pageLoadStrategy: normal, platformName: windows, proxy: Proxy(), se:cdp: ws://localhost:63176/devtoo..., se:cdpVersion: 149.0.7827.156, setWindowRect: true, strictFileInteractability: false, timeouts: {implicit: 0, pageLoad: 300000, script: 30000}, unhandledPromptBehavior: dismiss and notify, webauthn:extension:credBlob: true, webauthn:extension:largeBlob: true, webauthn:extension:minPinLength: true, webauthn:extension:prf: true, webauthn:virtualAuthenticators: true}
Session ID: 7985404a1f0b054a713ee06be39577b6
at org.openqa.selenium.remote.ErrorCodec.decode(ErrorCodec.java:169)
at org.openqa.selenium.remote.codec.w3c.W3CHttpResponseCodec.decode(W3CHttpResponseCodec.java:142)
at org.openqa.selenium.remote.codec.w3c.W3CHttpResponseCodec.decode(W3CHttpResponseCodec.java:49)
at org.openqa.selenium.remote.HttpCommandExecutor.execute(HttpCommandExecutor.java:223)
at org.openqa.selenium.remote.service.DriverCommandExecutor.invokeExecute(DriverCommandExecutor.java:216)
at org.openqa.selenium.remote.service.DriverCommandExecutor.execute(DriverCommandExecutor.java:174)
at org.openqa.selenium.remote.RemoteWebDriver.execute(RemoteWebDriver.java:606)
at org.openqa.selenium.remote.ElementLocation$ElementFinder$2.findElement(ElementLocation.java:166)
at org.openqa.selenium.remote.ElementLocation.findElement(ElementLocation.java:60)
at org.openqa.selenium.remote.RemoteWebDriver.findElement(RemoteWebDriver.java:429)
at org.openqa.selenium.remote.RemoteWebDriver.findElement(RemoteWebDriver.java:423)
at org.openqa.selenium.support.pagefactory.DefaultElementLocator.findElement(DefaultElementLocator.java:68)
at org.openqa.selenium.support.pagefactory.internal.LocatingElementHandler.invoke(LocatingElementHandler.java:38)
at jdk.proxy2/jdk.proxy2.$Proxy19.click(Unknown Source)
at base_utility.BaseClass.logout(BaseClass.java:97)
at java.base/jdk.internal.reflect.DirectMethodHandleAccessor.invoke(DirectMethodHandleAccessor.java:103)
at java.base/java.lang.reflect.Method.invoke(Method.java:580)
at org.testng.internal.invokers.MethodInvocationHelper.invokeMethod(MethodInvocationHelper.java:141)
at org.testng.internal.invokers.MethodInvocationHelper.invokeMethodConsideringTimeout(MethodInvocationHelper.java:71)
at org.testng.internal.invokers.ConfigInvoker.invokeConfigurationMethod(ConfigInvoker.java:400)
at org.testng.internal.invokers.ConfigInvoker.invokeConfigurations(ConfigInvoker.java:333)
at org.testng.internal.invokers.TestInvoker.runConfigMethods(TestInvoker.java:846)
at org.testng.internal.invokers.TestInvoker.runAfterConfigurations(TestInvoker.java:815)
at org.testng.internal.invokers.TestInvoker.invokeMethod(TestInvoker.java:791)
at org.testng.internal.invokers.TestInvoker.invokeTestMethod(TestInvoker.java:230)
at org.testng.internal.invokers.MethodRunner.runInSequence(MethodRunner.java:63)
at org.testng.internal.invokers.TestInvoker$MethodInvocationAgent.invoke(TestInvoker.java:1005)
at org.testng.internal.invokers.TestInvoker.invokeTestMethods(TestInvoker.java:203)
at org.testng.internal.invokers.TestMethodWorker.invokeTestMethods(TestMethodWorker.java:154)
at org.testng.internal.invokers.TestMethodWorker.run(TestMethodWorker.java:134)
at java.base/java.util.ArrayList.forEach(ArrayList.java:1596)
at org.testng.TestRunner.privateRun(TestRunner.java:744)
at org.testng.TestRunner.run(TestRunner.java:616)
at org.testng.SuiteRunner.runTest(SuiteRunner.java:421)
at org.testng.SuiteRunner.runSequentially(SuiteRunner.java:413)
at org.testng.SuiteRunner.privateRun(SuiteRunner.java:373)
at org.testng.SuiteRunner.run(SuiteRunner.java:312)
at org.testng.SuiteRunnerWorker.runSuite(SuiteRunnerWorker.java:52)
at org.testng.SuiteRunnerWorker.run(SuiteRunnerWorker.java:95)
at org.testng.TestNG.runSuitesSequentially(TestNG.java:1274)
at org.testng.TestNG.runSuitesLocally(TestNG.java:1208)
at org.testng.TestNG.runSuites(TestNG.java:1112)
at org.testng.TestNG.run(TestNG.java:1079)
at org.testng.remote.AbstractRemoteTestNG.run(AbstractRemoteTestNG.java:115)
at org.testng.remote.RemoteTestNG.initAndRun(RemoteTestNG.java:293)
at org.testng.remote.RemoteTestNG.main(RemoteTestNG.java:91)
]]>
            </full-stacktrace>
          </exception> <!-- org.openqa.selenium.NoSuchElementException -->
          <reporter-output>
          </reporter-output>
        </test-method> <!-- logout -->
        <test-method is-config="true" signature="tearDown()[pri:0, instance:crm.login.LoginTest@3cd3e762]" started-at="2026-06-26T17:02:28 IST" name="tearDown" finished-at="2026-06-26T17:02:28 IST" duration-ms="0" status="SKIP">
          <reporter-output>
          </reporter-output>
        </test-method> <!-- tearDown -->
      </class> <!-- crm.login.LoginTest -->
      <class name="crm.opportunity.OpportunityTest">
        <test-method is-config="true" signature="setUp()[pri:0, instance:crm.opportunity.OpportunityTest@15de0b3c]" started-at="2026-06-26T17:03:22 IST" name="setUp" finished-at="2026-06-26T17:03:23 IST" duration-ms="1195" status="PASS">
          <reporter-output>
          </reporter-output>
        </test-method> <!-- setUp -->
        <test-method is-config="true" signature="login()[pri:0, instance:crm.opportunity.OpportunityTest@15de0b3c]" started-at="2026-06-26T17:03:23 IST" name="login" finished-at="2026-06-26T17:03:24 IST" duration-ms="1591" status="PASS">
          <reporter-output>
          </reporter-output>
        </test-method> <!-- login -->
        <test-method signature="createOpportunityTest()[pri:0, instance:crm.opportunity.OpportunityTest@15de0b3c]" started-at="2026-06-26T17:03:24 IST" name="createOpportunityTest" finished-at="2026-06-26T17:03:47 IST" duration-ms="22086" status="PASS">
          <reporter-output>
          </reporter-output>
        </test-method> <!-- createOpportunityTest -->
        <test-method is-config="true" signature="logout()[pri:0, instance:crm.opportunity.OpportunityTest@15de0b3c]" started-at="2026-06-26T17:03:47 IST" name="logout" finished-at="2026-06-26T17:03:49 IST" duration-ms="2283" status="PASS">
          <reporter-output>
          </reporter-output>
        </test-method> <!-- logout -->
        <test-method is-config="true" signature="tearDown()[pri:0, instance:crm.opportunity.OpportunityTest@15de0b3c]" started-at="2026-06-26T17:03:49 IST" name="tearDown" finished-at="2026-06-26T17:03:49 IST" duration-ms="473" status="PASS">
          <reporter-output>
          </reporter-output>
        </test-method> <!-- tearDown -->
      </class> <!-- crm.opportunity.OpportunityTest -->
      <class name="crm.lead.LeadTest">
        <test-method is-config="true" signature="setUp()[pri:0, instance:crm.lead.LeadTest@489115ef]" started-at="2026-06-26T17:03:49 IST" name="setUp" finished-at="2026-06-26T17:03:51 IST" duration-ms="1186" status="PASS">
          <reporter-output>
          </reporter-output>
        </test-method> <!-- setUp -->
        <test-method is-config="true" signature="login()[pri:0, instance:crm.lead.LeadTest@489115ef]" started-at="2026-06-26T17:03:51 IST" name="login" finished-at="2026-06-26T17:03:52 IST" duration-ms="1514" status="PASS">
          <reporter-output>
          </reporter-output>
        </test-method> <!-- login -->
        <test-method signature="createLeadTest()[pri:0, instance:crm.lead.LeadTest@489115ef]" started-at="2026-06-26T17:03:52 IST" name="createLeadTest" finished-at="2026-06-26T17:04:11 IST" duration-ms="18781" status="PASS">
          <reporter-output>
          </reporter-output>
        </test-method> <!-- createLeadTest -->
        <test-method is-config="true" signature="logout()[pri:0, instance:crm.lead.LeadTest@489115ef]" started-at="2026-06-26T17:04:11 IST" name="logout" finished-at="2026-06-26T17:04:13 IST" duration-ms="2304" status="PASS">
          <reporter-output>
          </reporter-output>
        </test-method> <!-- logout -->
        <test-method is-config="true" signature="tearDown()[pri:0, instance:crm.lead.LeadTest@489115ef]" started-at="2026-06-26T17:04:13 IST" name="tearDown" finished-at="2026-06-26T17:04:14 IST" duration-ms="536" status="PASS">
          <reporter-output>
          </reporter-output>
        </test-method> <!-- tearDown -->
      </class> <!-- crm.lead.LeadTest -->
      <class name="crm.products.CreateProductTest">
        <test-method is-config="true" signature="setUp()[pri:0, instance:crm.products.CreateProductTest@3857f613]" started-at="2026-06-26T17:04:14 IST" name="setUp" finished-at="2026-06-26T17:04:15 IST" duration-ms="1153" status="PASS">
          <reporter-output>
          </reporter-output>
        </test-method> <!-- setUp -->
        <test-method is-config="true" signature="login()[pri:0, instance:crm.products.CreateProductTest@3857f613]" started-at="2026-06-26T17:04:15 IST" name="login" finished-at="2026-06-26T17:04:16 IST" duration-ms="1516" status="PASS">
          <reporter-output>
          </reporter-output>
        </test-method> <!-- login -->
        <test-method signature="createProductTest()[pri:0, instance:crm.products.CreateProductTest@3857f613]" started-at="2026-06-26T17:04:16 IST" name="createProductTest" finished-at="2026-06-26T17:04:36 IST" duration-ms="19514" status="PASS">
          <reporter-output>
          </reporter-output>
        </test-method> <!-- createProductTest -->
        <test-method is-config="true" signature="logout()[pri:0, instance:crm.products.CreateProductTest@3857f613]" started-at="2026-06-26T17:04:36 IST" name="logout" finished-at="2026-06-26T17:04:39 IST" duration-ms="2667" status="PASS">
          <reporter-output>
          </reporter-output>
        </test-method> <!-- logout -->
        <test-method is-config="true" signature="tearDown()[pri:0, instance:crm.products.CreateProductTest@3857f613]" started-at="2026-06-26T17:04:39 IST" name="tearDown" finished-at="2026-06-26T17:04:39 IST" duration-ms="377" status="PASS">
          <reporter-output>
          </reporter-output>
        </test-method> <!-- tearDown -->
      </class> <!-- crm.products.CreateProductTest -->
    </test> <!-- Test -->
  </suite> <!-- Suite -->
</testng-results>
